0 info it worked if it ends with ok
1 verbose cli [ 'node', '/usr/local/bin/npm', 'install', '--save-dev', 'grunt' ]
2 info using npm@2.11.3
3 info using node@v0.12.7
4 verbose install initial load of /Users/bradbrezinski1/Documents/UdacityLocal/Nano-FED/Nano-IntroHTMLCSS/ResponsiveImages/RespImg-P1-P1-Start/package.json
5 warn package.json reponsive-images@0.1.0 No license field.
6 verbose readDependencies loading dependencies from /Users/bradbrezinski1/Documents/UdacityLocal/Nano-FED/Nano-IntroHTMLCSS/ResponsiveImages/RespImg-P1-P1-Start/package.json
7 silly cache add args [ 'grunt', null ]
8 verbose cache add spec grunt
9 silly cache add parsed spec { raw: 'grunt',
9 silly cache add   scope: null,
9 silly cache add   name: 'grunt',
9 silly cache add   rawSpec: '',
9 silly cache add   spec: '*',
9 silly cache add   type: 'range' }
10 silly addNamed grunt@*
11 verbose addNamed "*" is a valid semver range for grunt
12 silly addNameRange { name: 'grunt', range: '*', hasData: false }
13 silly mapToRegistry name grunt
14 silly mapToRegistry using default registry
15 silly mapToRegistry registry https://registry.npmjs.org/
16 silly mapToRegistry uri https://registry.npmjs.org/grunt
17 verbose addNameRange registry:https://registry.npmjs.org/grunt not in flight; fetching
18 verbose request uri https://registry.npmjs.org/grunt
19 verbose request no auth needed
20 info attempt registry request try #1 at 6:19:21 PM
21 verbose request id a1f75005af8c3d1d
22 http request GET https://registry.npmjs.org/grunt
23 http 200 https://registry.npmjs.org/grunt
24 silly get cb [ 200,
24 silly get   { server: 'CouchDB/1.5.0 (Erlang OTP/R16B03)',
24 silly get     etag: '"9YSBSFWKMV3P9P6UN2DFJCRJ9"',
24 silly get     'content-type': 'application/json',
24 silly get     'cache-control': 'max-age=60',
24 silly get     'content-length': '89723',
24 silly get     'accept-ranges': 'bytes',
24 silly get     date: 'Thu, 23 Jul 2015 23:19:20 GMT',
24 silly get     via: '1.1 varnish',
24 silly get     age: '0',
24 silly get     connection: 'keep-alive',
24 silly get     'x-served-by': 'cache-ord1730-ORD',
24 silly get     'x-cache': 'HIT',
24 silly get     'x-cache-hits': '1',
24 silly get     'x-timer': 'S1437693560.587589,VS0,VE268',
24 silly get     vary: 'Accept' } ]
25 verbose get saving grunt to /Users/bradbrezinski1/.npm/registry.npmjs.org/grunt/.cache.json
26 silly addNameRange number 2 { name: 'grunt', range: '*', hasData: true }
27 silly addNameRange versions [ 'grunt',
27 silly addNameRange   [ '0.1.0',
27 silly addNameRange     '0.1.1',
27 silly addNameRange     '0.1.2',
27 silly addNameRange     '0.2.0',
27 silly addNameRange     '0.2.1',
27 silly addNameRange     '0.2.2',
27 silly addNameRange     '0.2.3',
27 silly addNameRange     '0.2.4',
27 silly addNameRange     '0.2.5',
27 silly addNameRange     '0.2.6',
27 silly addNameRange     '0.2.7',
27 silly addNameRange     '0.2.8',
27 silly addNameRange     '0.2.9',
27 silly addNameRange     '0.2.10',
27 silly addNameRange     '0.2.11',
27 silly addNameRange     '0.2.12',
27 silly addNameRange     '0.2.13',
27 silly addNameRange     '0.2.14',
27 silly addNameRange     '0.2.15',
27 silly addNameRange     '0.3.0',
27 silly addNameRange     '0.3.1',
27 silly addNameRange     '0.3.2',
27 silly addNameRange     '0.3.3',
27 silly addNameRange     '0.3.4',
27 silly addNameRange     '0.3.5',
27 silly addNameRange     '0.3.6',
27 silly addNameRange     '0.3.7',
27 silly addNameRange     '0.3.8',
27 silly addNameRange     '0.3.9',
27 silly addNameRange     '0.3.10',
27 silly addNameRange     '0.3.11',
27 silly addNameRange     '0.3.12',
27 silly addNameRange     '0.3.13',
27 silly addNameRange     '0.3.14',
27 silly addNameRange     '0.3.15',
27 silly addNameRange     '0.3.16',
27 silly addNameRange     '0.3.17',
27 silly addNameRange     '0.4.0',
27 silly addNameRange     '0.4.1',
27 silly addNameRange     '0.4.2',
27 silly addNameRange     '0.4.3',
27 silly addNameRange     '0.4.4',
27 silly addNameRange     '0.4.5',
27 silly addNameRange     '0.3.13-a',
27 silly addNameRange     '0.4.0-a',
27 silly addNameRange     '0.4.0-rc1',
27 silly addNameRange     '0.4.0-rc2',
27 silly addNameRange     '0.4.0-rc3',
27 silly addNameRange     '0.4.0-rc4',
27 silly addNameRange     '0.4.0-rc5',
27 silly addNameRange     '0.4.0-rc6',
27 silly addNameRange     '0.4.0-rc7',
27 silly addNameRange     '0.4.0-rc8' ] ]
28 silly addNamed grunt@0.4.5
29 verbose addNamed "0.4.5" is a plain semver version for grunt
30 silly mapToRegistry name grunt
31 silly mapToRegistry using default registry
32 silly mapToRegistry registry https://registry.npmjs.org/
33 silly mapToRegistry uri https://registry.npmjs.org/grunt
34 verbose addRemoteTarball https://registry.npmjs.org/grunt/-/grunt-0.4.5.tgz not in flight; adding
35 verbose addRemoteTarball [ 'https://registry.npmjs.org/grunt/-/grunt-0.4.5.tgz',
35 verbose addRemoteTarball   '56937cd5194324adff6d207631832a9d6ba4e7f0' ]
36 info retry fetch attempt 1 at 6:19:21 PM
37 info attempt registry request try #1 at 6:19:21 PM
38 http fetch GET https://registry.npmjs.org/grunt/-/grunt-0.4.5.tgz
39 http fetch 200 https://registry.npmjs.org/grunt/-/grunt-0.4.5.tgz
40 silly fetchAndShaCheck shasum 56937cd5194324adff6d207631832a9d6ba4e7f0
41 verbose addTmpTarball /var/folders/w2/g3b_nxgj7vz4svmxfwf_gj0h0000gp/T/npm-1373-4636d36d/registry.npmjs.org/grunt/-/grunt-0.4.5.tgz not in flight; adding
42 verbose addTmpTarball already have metadata; skipping unpack for grunt@0.4.5
43 silly cache afterAdd grunt@0.4.5
44 verbose afterAdd /Users/bradbrezinski1/.npm/grunt/0.4.5/package/package.json not in flight; writing
45 verbose afterAdd /Users/bradbrezinski1/.npm/grunt/0.4.5/package/package.json written
46 silly install resolved [ { name: 'grunt',
46 silly install resolved     description: 'The JavaScript Task Runner',
46 silly install resolved     version: '0.4.5',
46 silly install resolved     author: { name: '"Cowboy" Ben Alman', url: 'http://benalman.com/' },
46 silly install resolved     homepage: 'http://gruntjs.com/',
46 silly install resolved     repository: { type: 'git', url: 'git://github.com/gruntjs/grunt.git' },
46 silly install resolved     bugs: { url: 'http://github.com/gruntjs/grunt/issues' },
46 silly install resolved     licenses: [ [Object] ],
46 silly install resolved     main: 'lib/grunt',
46 silly install resolved     scripts: { test: 'grunt test' },
46 silly install resolved     engines: { node: '>= 0.8.0' },
46 silly install resolved     keywords:
46 silly install resolved      [ 'task',
46 silly install resolved        'async',
46 silly install resolved        'cli',
46 silly install resolved        'minify',
46 silly install resolved        'uglify',
46 silly install resolved        'build',
46 silly install resolved        'lodash',
46 silly install resolved        'unit',
46 silly install resolved        'test',
46 silly install resolved        'qunit',
46 silly install resolved        'nodeunit',
46 silly install resolved        'server',
46 silly install resolved        'init',
46 silly install resolved        'scaffold',
46 silly install resolved        'make',
46 silly install resolved        'jake',
46 silly install resolved        'tool' ],
46 silly install resolved     dependencies:
46 silly install resolved      { async: '~0.1.22',
46 silly install resolved        'coffee-script': '~1.3.3',
46 silly install resolved        colors: '~0.6.2',
46 silly install resolved        dateformat: '1.0.2-1.2.3',
46 silly install resolved        eventemitter2: '~0.4.13',
46 silly install resolved        'findup-sync': '~0.1.2',
46 silly install resolved        glob: '~3.1.21',
46 silly install resolved        hooker: '~0.2.3',
46 silly install resolved        'iconv-lite': '~0.2.11',
46 silly install resolved        minimatch: '~0.2.12',
46 silly install resolved        nopt: '~1.0.10',
46 silly install resolved        rimraf: '~2.2.8',
46 silly install resolved        lodash: '~0.9.2',
46 silly install resolved        'underscore.string': '~2.2.1',
46 silly install resolved        which: '~1.0.5',
46 silly install resolved        'js-yaml': '~2.0.5',
46 silly install resolved        exit: '~0.1.1',
46 silly install resolved        getobject: '~0.1.0',
46 silly install resolved        'grunt-legacy-util': '~0.2.0',
46 silly install resolved        'grunt-legacy-log': '~0.1.0' },
46 silly install resolved     devDependencies:
46 silly install resolved      { temporary: '~0.0.4',
46 silly install resolved        'grunt-contrib-jshint': '~0.6.4',
46 silly install resolved        'grunt-contrib-nodeunit': '~0.2.0',
46 silly install resolved        'grunt-contrib-watch': '~0.5.3',
46 silly install resolved        difflet: '~0.2.3',
46 silly install resolved        semver: '2.1.0',
46 silly install resolved        shelljs: '~0.2.5' },
46 silly install resolved     _id: 'grunt@0.4.5',
46 silly install resolved     dist:
46 silly install resolved      { shasum: '56937cd5194324adff6d207631832a9d6ba4e7f0',
46 silly install resolved        tarball: 'http://registry.npmjs.org/grunt/-/grunt-0.4.5.tgz' },
46 silly install resolved     _from: 'grunt@*',
46 silly install resolved     _npmVersion: '1.4.4',
46 silly install resolved     _npmUser: { name: 'cowboy', email: 'cowboy@rj3.net' },
46 silly install resolved     maintainers: [ [Object], [Object] ],
46 silly install resolved     directories: {},
46 silly install resolved     _shasum: '56937cd5194324adff6d207631832a9d6ba4e7f0',
46 silly install resolved     _resolved: 'https://registry.npmjs.org/grunt/-/grunt-0.4.5.tgz' } ]
47 info install grunt@0.4.5 into /Users/bradbrezinski1/Documents/UdacityLocal/Nano-FED/Nano-IntroHTMLCSS/ResponsiveImages/RespImg-P1-P1-Start
48 info installOne grunt@0.4.5
49 verbose installOne of grunt to /Users/bradbrezinski1/Documents/UdacityLocal/Nano-FED/Nano-IntroHTMLCSS/ResponsiveImages/RespImg-P1-P1-Start not in flight; installing
50 warn locking Error: EACCES, open '/Users/bradbrezinski1/.npm/_locks/grunt-bc18198615f124e4.lock'
50 warn locking     at Error (native)
50 warn locking  /Users/bradbrezinski1/.npm/_locks/grunt-bc18198615f124e4.lock failed { [Error: EACCES, open '/Users/bradbrezinski1/.npm/_locks/grunt-bc18198615f124e4.lock']
50 warn locking   errno: -13,
50 warn locking   code: 'EACCES',
50 warn locking   path: '/Users/bradbrezinski1/.npm/_locks/grunt-bc18198615f124e4.lock' }
51 verbose stack Error: Attempt to unlock /Users/bradbrezinski1/Documents/UdacityLocal/Nano-FED/Nano-IntroHTMLCSS/ResponsiveImages/RespImg-P1-P1-Start/node_modules/grunt, which hasn't been locked
51 verbose stack     at unlock (/usr/local/lib/node_modules/npm/lib/utils/locker.js:66:11)
51 verbose stack     at cb (/usr/local/lib/node_modules/npm/lib/install.js:1017:5)
51 verbose stack     at /usr/local/lib/node_modules/npm/lib/install.js:1021:20
51 verbose stack     at /usr/local/lib/node_modules/npm/lib/utils/locker.js:40:9
51 verbose stack     at cb (/usr/local/lib/node_modules/npm/node_modules/lockfile/lockfile.js:149:38)
51 verbose stack     at /usr/local/lib/node_modules/npm/node_modules/lockfile/lockfile.js:177:38
51 verbose stack     at FSReqWrap.oncomplete (fs.js:95:15)
52 verbose cwd /Users/bradbrezinski1/Documents/UdacityLocal/Nano-FED/Nano-IntroHTMLCSS/ResponsiveImages/RespImg-P1-P1-Start
53 error Darwin 14.4.0
54 error argv "node" "/usr/local/bin/npm" "install" "--save-dev" "grunt"
55 error node v0.12.7
56 error npm  v2.11.3
57 error Attempt to unlock /Users/bradbrezinski1/Documents/UdacityLocal/Nano-FED/Nano-IntroHTMLCSS/ResponsiveImages/RespImg-P1-P1-Start/node_modules/grunt, which hasn't been locked
58 error If you need help, you may report this error at:
58 error     <https://github.com/npm/npm/issues>
59 verbose exit [ 1, true ]
